[    0.000000] Linux version 4.15.0-212-generic (buildd@lcy02-amd64-083) (gcc version 7.5.0 (Ubuntu 7.5.0-3ubuntu1~18.04)) #223-Ubuntu SMP Tue May 23 13:09:22 UTC 2023 (Ubuntu 4.15.0-212.223-generic 4.15.18)
[    0.000000] Command line: BOOT_IMAGE=/boot/vmlinuz-4.15.0-212-generic root=LABEL=cloudimg-rootfs ro console=tty1 console=ttyS0
[    0.000000] KERNEL supported cpus:
[    0.000000]   Intel GenuineIntel
[    0.000000]   AMD AuthenticAMD
[    0.000000]   Centaur CentaurHauls
[    0.000000] x86/fpu: x87 FPU will use FXSAVE
[    0.000000] e820: BIOS-provided physical RAM map:
[    0.000000] BIOS-e820: [mem 0x0000000000000000-0x000000000009fbff] usable
[    0.000000] BIOS-e820: [mem 0x000000000009fc00-0x000000000009ffff] reserved
[    0.000000] BIOS-e820: [mem 0x00000000000f0000-0x00000000000fffff] reserved
[    0.000000] BIOS-e820: [mem 0x0000000000100000-0x000000000ffeffff] usable
[    0.000000] BIOS-e820: [mem 0x000000000fff0000-0x000000000fffffff] ACPI data
[    0.000000] BIOS-e820: [mem 0x00000000fec00000-0x00000000fec00fff] reserved
[    0.000000] BIOS-e820: [mem 0x00000000fee00000-0x00000000fee00fff] reserved
[    0.000000] BIOS-e820: [mem 0x00000000fffc0000-0x00000000ffffffff] reserved
[    0.000000] NX (Execute Disable) protection: active
[    0.000000] SMBIOS 2.5 present.
[    0.000000] DMI: innotek GmbH VirtualBox/VirtualBox, BIOS VirtualBox 12/01/2006
[    0.000000] Hypervisor detected: KVM
[    0.000000] e820: last_pfn = 0xfff0 max_arch_pfn = 0x400000000
[    0.000000] MTRR: Disabled
[    0.000000] x86/PAT: MTRRs disabled, skipping PAT initialization too.
[    0.000000] CPU MTRRs all blank - virtualized system.
[    0.000000] x86/PAT: Configuration [0-7]: WB  WT  UC- UC  WB  WT  UC- UC  
[    0.000000] found SMP MP-table at [mem 0x0009fff0-0x0009ffff]
[    0.000000] Scanning 1 areas for low memory corruption
[    0.000000] RAMDISK: [mem 0x0db01000-0x0ee12fff]
[    0.000000] ACPI: Early table checksum verification disabled
[    0.000000] ACPI: RSDP 0x00000000000E0000 000024 (v02 VBOX  )
[    0.000000] ACPI: XSDT 0x000000000FFF0030 00003C (v01 VBOX   VBOXXSDT 00000001 ASL  00000061)
[    0.000000] ACPI: FACP 0x000000000FFF00F0 0000F4 (v04 VBOX   VBOXFACP 00000001 ASL  00000061)
[    0.000000] ACPI: DSDT 0x000000000FFF0470 002325 (v02 VBOX   VBOXBIOS 00000002 INTL 20100528)
[    0.000000] ACPI: FACS 0x000000000FFF0200 000040
[    0.000000] ACPI: FACS 0x000000000FFF0200 000040
[    0.000000] ACPI: APIC 0x000000000FFF0240 000054 (v02 VBOX   VBOXAPIC 00000001 ASL  00000061)
[    0.000000] ACPI: SSDT 0x000000000FFF02A0 0001CC (v01 VBOX   VBOXCPUT 00000002 INTL 20100528)
[    0.000000] ACPI: Reserving FACP table memory at [mem 0xfff00f0-0xfff01e3]
[    0.000000] ACPI: Reserving DSDT table memory at [mem 0xfff0470-0xfff2794]
[    0.000000] ACPI: Reserving FACS table memory at [mem 0xfff0200-0xfff023f]
[    0.000000] ACPI: Reserving FACS table memory at [mem 0xfff0200-0xfff023f]
[    0.000000] ACPI: Reserving APIC table memory at [mem 0xfff0240-0xfff0293]
[    0.000000] ACPI: Reserving SSDT table memory at [mem 0xfff02a0-0xfff046b]
[    0.000000] No NUMA configuration found
[    0.000000] Faking a node at [mem 0x0000000000000000-0x000000000ffeffff]
[    0.000000] NODE_DATA(0) allocated [mem 0x0ffc5000-0x0ffeffff]
[    0.000000] kvm-clock: cpu 0, msr 0:ff44001, primary cpu clock
[    0.000000] kvm-clock: Using msrs 4b564d01 and 4b564d00
[    0.000000] kvm-clock: using sched offset of 7024989083 cycles
[    0.000000] clocksource: kvm-clock: mask: 0xffffffffffffffff max_cycles: 0x1cd42e4dffb, max_idle_ns: 881590591483 ns
[    0.000000] Zone ranges:
[    0.000000]   DMA      [mem 0x0000000000001000-0x0000000000ffffff]
[    0.000000]   DMA32    [mem 0x0000000001000000-0x000000000ffeffff]
[    0.000000]   Normal   empty
[    0.000000]   Device   empty
[    0.000000] Movable zone start for each node
[    0.000000] Early memory node ranges
[    0.000000]   node   0: [mem 0x0000000000001000-0x000000000009efff]
[    0.000000]   node   0: [mem 0x0000000000100000-0x000000000ffeffff]
[    0.000000] Reserved but unavailable: 104 pages
[    0.000000] Initmem setup node 0 [mem 0x0000000000001000-0x000000000ffeffff]
[    0.000000] ACPI: PM-Timer IO Port: 0x4008
[    0.000000] IOAPIC[0]: apic_id 1, version 32, address 0xfec00000, GSI 0-23
[    0.000000] ACPI: INT_SRC_OVR (bus 0 bus_irq 0 global_irq 2 dfl dfl)
[    0.000000] ACPI: INT_SRC_OVR (bus 0 bus_irq 9 global_irq 9 low level)
[    0.000000] Using ACPI (MADT) for SMP configuration information
[    0.000000] smpboot: Allowing 1 CPUs, 0 hotplug CPUs
[    0.000000] PM: Registered nosave memory: [mem 0x00000000-0x00000fff]
[    0.000000] PM: Registered nosave memory: [mem 0x0009f000-0x0009ffff]
[    0.000000] PM: Registered nosave memory: [mem 0x000a0000-0x000effff]
[    0.000000] PM: Registered nosave memory: [mem 0x000f0000-0x000fffff]
[    0.000000] e820: [mem 0x10000000-0xfebfffff] available for PCI devices
[    0.000000] Booting paravirtualized kernel on KVM
[    0.000000] clocksource: refined-jiffies: mask: 0xffffffff max_cycles: 0xffffffff, max_idle_ns: 7645519600211568 ns
[    0.000000] setup_percpu: NR_CPUS:8192 nr_cpumask_bits:1 nr_cpu_ids:1 nr_node_ids:1
[    0.000000] percpu: Embedded 50 pages/cpu s167936 r8192 d28672 u2097152
[    0.000000] PV qspinlock hash table entries: 256 (order: 0, 4096 bytes)
[    0.000000] Built 1 zonelists, mobility grouping on.  Total pages: 64377
[    0.000000] Policy zone: DMA32
[    0.000000] Kernel command line: BOOT_IMAGE=/boot/vmlinuz-4.15.0-212-generic root=LABEL=cloudimg-rootfs ro console=tty1 console=ttyS0
[    0.000000] Memory: 208700K/261688K available (12300K kernel code, 2477K rwdata, 4324K rodata, 2480K init, 2720K bss, 52988K reserved, 0K cma-reserved)
[    0.000000] SLUB: HWalign=64, Order=0-3, MinObjects=0, CPUs=1, Nodes=1
[    0.000000] ftrace: allocating 39508 entries in 155 pages
[    0.004000] Hierarchical RCU implementation.
[    0.004000] 	RCU restricting CPUs from NR_CPUS=8192 to nr_cpu_ids=1.
[    0.004000] 	Tasks RCU enabled.
[    0.004000] RCU: Adjusting geometry for rcu_fanout_leaf=16, nr_cpu_ids=1
[    0.004000] NR_IRQS: 524544, nr_irqs: 256, preallocated irqs: 16
[    0.004000] Console: colour VGA+ 80x25
[    0.004000] console [tty1] enabled
[    0.004000] console [ttyS0] enabled
[    0.004000] ACPI: Core revision 20170831
[    0.004000] ACPI: 2 ACPI AML tables successfully acquired and loaded
[    0.004000] APIC: Switch to symmetric I/O mode setup
[    0.008000] ..TIMER: vector=0x30 apic1=0 pin1=2 apic2=-1 pin2=-1
[    0.008017] tsc: Detected 3110.400 MHz processor
[    0.012016] Calibrating delay loop (skipped) preset value.. 6220.80 BogoMIPS (lpj=12441600)
[    0.016012] pid_max: default: 32768 minimum: 301
[    0.020151] Security Framework initialized
[    0.024016] Yama: becoming mindful.
[    0.028054] AppArmor: AppArmor initialized
[    0.032104] Dentry cache hash table entries: 32768 (order: 6, 262144 bytes)
[    0.036160] Inode-cache hash table entries: 16384 (order: 5, 131072 bytes)
[    0.040075] Mount-cache hash table entries: 512 (order: 0, 4096 bytes)
[    0.044026] Mountpoint-cache hash table entries: 512 (order: 0, 4096 bytes)
[    0.058600] process: using mwait in idle threads
[    0.060091] Last level iTLB entries: 4KB 0, 2MB 0, 4MB 0
[    0.064013] Last level dTLB entries: 4KB 0, 2MB 0, 4MB 0, 1GB 0
[    0.068012] Spectre V1 : Mitigation: usercopy/swapgs barriers and __user pointer sanitization
[    0.072009] Spectre V2 : Mitigation: Enhanced IBRS
[    0.076008] Spectre V2 : Spectre v2 / SpectreRSB mitigation: Filling RSB on context switch
[    0.080014] Spectre V2 : Spectre v2 / PBRSB-eIBRS: Retire a single CALL on VMEXIT
[    0.084010] RETBleed: Mitigation: Enhanced IBRS
[    0.088008] Speculative Store Bypass: Vulnerable
[    0.096179] Freeing SMP alternatives memory: 36K
[    0.216008] APIC calibration not consistent with PM-Timer: 101ms instead of 100ms
[    0.220000] APIC delta adjusted to PM-Timer: 6291279 (6401198)
[    0.221319] smpboot: CPU0: 12th Gen Intel(R) Core(TM) i5-12500H (family: 0x6, model: 0x9a, stepping: 0x3)
[    0.224137] Performance Events: unsupported p6 CPU model 154 no PMU driver, software events only.
[    0.228246] Hierarchical SRCU implementation.
[    0.232647] NMI watchdog: Perf event create on CPU 0 failed with -2
[    0.236008] NMI watchdog: Perf NMI watchdog permanently disabled
[    0.240174] smp: Bringing up secondary CPUs ...
[    0.244015] smp: Brought up 1 node, 1 CPU
[    0.248011] smpboot: Max logical packages: 1
[    0.252011] smpboot: Total of 1 processors activated (6220.80 BogoMIPS)
[    0.256365] devtmpfs: initialized
[    0.260275] x86/mm: Memory block size: 128MB
[    0.264303] evm: security.selinux
[    0.268021] evm: security.SMACK64
[    0.272014] evm: security.SMACK64EXEC
[    0.280015] evm: security.SMACK64TRANSMUTE
[    0.284014] evm: security.SMACK64MMAP
[    0.288009] evm: security.apparmor
[    0.292012] evm: security.ima
[    0.296011] evm: security.capability
[    0.300315] clocksource: jiffies: mask: 0xffffffff max_cycles: 0xffffffff, max_idle_ns: 7645041785100000 ns
[    0.304041] futex hash table entries: 256 (order: 2, 16384 bytes)
[    0.308123] pinctrl core: initialized pinctrl subsystem
[    0.316006] RTC time:  3:28:59, date: 08/11/24
[    0.320354] NET: Registered protocol family 16
[    0.324193] audit: initializing netlink subsys (disabled)
[    0.328242] cpuidle: using governor ladder
[    0.332028] audit: type=2000 audit(1723346946.271:1): state=initialized audit_enabled=0 res=1
[    0.340022] cpuidle: using governor menu
[    0.344113] ACPI: bus type PCI registered
[    0.348010] acpiphp: ACPI Hot Plug PCI Controller Driver version: 0.5
[    0.352693] PCI: Using configuration type 1 for base access
[    0.357700] HugeTLB registered 2.00 MiB page size, pre-allocated 0 pages
[    0.360344] ACPI: Added _OSI(Module Device)
[    0.364017] ACPI: Added _OSI(Processor Device)
[    0.368054] ACPI: Added _OSI(3.0 _SCP Extensions)
[    0.372011] ACPI: Added _OSI(Processor Aggregator Device)
[    0.376033] ACPI: Added _OSI(Linux-Dell-Video)
[    0.380038] ACPI: Added _OSI(Linux-Lenovo-NV-HDMI-Audio)
[    0.384019] ACPI: Added _OSI(Linux-HPI-Hybrid-Graphics)
[    0.394082] ACPI: Executed 1 blocks of module-level executable AML code
[    0.410687] ACPI: Interpreter enabled
[    0.412051] ACPI: (supports S0 S5)
[    0.416015] ACPI: Using IOAPIC for interrupt routing
[    0.425022] PCI: Using host bridge windows from ACPI; if necessary, use "pci=nocrs" and report a bug
[    0.428591] ACPI: Enabled 2 GPEs in block 00 to 07
[    0.462996] ACPI: PCI Root Bridge [PCI0] (domain 0000 [bus 00-ff])
[    0.464025] acpi PNP0A03:00: _OSC: OS supports [ASPM ClockPM Segments MSI]
[    0.469645] acpi PNP0A03:00: _OSC: not requesting OS control; OS requires [ExtendedConfig ASPM ClockPM MSI]
[    0.472054] acpi PNP0A03:00: fail to add MMCONFIG information, can't access extended PCI configuration space under this bridge.
[    0.481514] PCI host bridge to bus 0000:00
[    0.484015] pci_bus 0000:00: root bus resource [io  0x0000-0x0cf7 window]
[    0.488021] pci_bus 0000:00: root bus resource [io  0x0d00-0xffff window]
[    0.492017] pci_bus 0000:00: root bus resource [mem 0x000a0000-0x000bffff window]
[    0.496015] pci_bus 0000:00: root bus resource [mem 0x10000000-0xfdffffff window]
[    0.500015] pci_bus 0000:00: root bus resource [bus 00-ff]
[    0.534774] pci 0000:00:01.1: legacy IDE quirk: reg 0x10: [io  0x01f0-0x01f7]
[    0.540020] pci 0000:00:01.1: legacy IDE quirk: reg 0x14: [io  0x03f6]
[    0.544018] pci 0000:00:01.1: legacy IDE quirk: reg 0x18: [io  0x0170-0x0177]
[    0.548017] pci 0000:00:01.1: legacy IDE quirk: reg 0x1c: [io  0x0376]
[    0.636168] pci 0000:00:07.0: quirk: [io  0x4000-0x403f] claimed by PIIX4 ACPI
[    0.640104] pci 0000:00:07.0: quirk: [io  0x4100-0x410f] claimed by PIIX4 SMB
[    0.672600] ACPI: PCI Interrupt Link [LNKA] (IRQs 5 9 10 *11)
[    0.680310] ACPI: PCI Interrupt Link [LNKB] (IRQs 5 9 *10 11)
[    0.688537] ACPI: PCI Interrupt Link [LNKC] (IRQs 5 *9 10 11)
[    0.692499] ACPI: PCI Interrupt Link [LNKD] (IRQs 5 9 10 *11)
[    0.697403] SCSI subsystem initialized
[    0.700223] pci 0000:00:02.0: vgaarb: setting as boot VGA device
[    0.704000] pci 0000:00:02.0: vgaarb: VGA device added: decodes=io+mem,owns=io+mem,locks=none
[    0.704015] pci 0000:00:02.0: vgaarb: bridge control possible
[    0.708014] vgaarb: loaded
[    0.712079] ACPI: bus type USB registered
[    0.720096] usbcore: registered new interface driver usbfs
[    0.724060] usbcore: registered new interface driver hub
[    0.728038] usbcore: registered new device driver usb
[    0.732140] EDAC MC: Ver: 3.0.0
[    0.742067] PCI: Using ACPI for IRQ routing
[    0.750341] NetLabel: Initializing
[    0.752014] NetLabel:  domain hash size = 128
[    0.756009] NetLabel:  protocols = UNLABELED CIPSOv4 CALIPSO
[    0.764050] NetLabel:  unlabeled traffic allowed by default
[    0.768260] clocksource: Switched to clocksource kvm-clock
[    0.905051] VFS: Disk quotas dquot_6.6.0
[    0.928853] VFS: Dquot-cache hash table entries: 512 (order 0, 4096 bytes)
[    0.955974] AppArmor: AppArmor Filesystem Enabled
[    0.973266] pnp: PnP ACPI init
[    0.988934] pnp: PnP ACPI: found 3 devices
[    1.018049] clocksource: acpi_pm: mask: 0xffffff max_cycles: 0xffffff, max_idle_ns: 2085701024 ns
[    1.037027] NET: Registered protocol family 2
[    1.050215] IP idents hash table entries: 4096 (order: 3, 32768 bytes)
[    1.074449] TCP established hash table entries: 2048 (order: 2, 16384 bytes)
[    1.096873] TCP bind hash table entries: 2048 (order: 3, 32768 bytes)
[    1.121493] TCP: Hash tables configured (established 2048 bind 2048)
[    1.148395] UDP hash table entries: 256 (order: 1, 8192 bytes)
[    1.172652] UDP-Lite hash table entries: 256 (order: 1, 8192 bytes)
[    1.195973] NET: Registered protocol family 1
[    1.213196] pci 0000:00:00.0: Limiting direct PCI/PCI transfers
[    1.235355] pci 0000:00:01.0: Activating ISA DMA hang workarounds
[    1.259880] pci 0000:00:02.0: Video device with shadowed ROM at [mem 0x000c0000-0x000dffff]
[    1.292077] Unpacking initramfs...
[    2.804052] Freeing initrd memory: 19528K
[    2.824282] clocksource: tsc: mask: 0xffffffffffffffff max_cycles: 0x2cd5a8bb032, max_idle_ns: 440795365915 ns
[    2.855507] platform rtc_cmos: registered platform RTC device (no PNP device found)
[    2.884513] Scanning for low memory corruption every 60 seconds
[    2.905584] Initialise system trusted keyrings
[    2.923362] Key type blacklist registered
[    2.941083] workingset: timestamp_bits=36 max_order=16 bucket_order=0
[    2.976278] zbud: loaded
[    2.993978] squashfs: version 4.0 (2009/01/31) Phillip Lougher
[    3.018507] fuse init (API version 7.26)
[    3.040989] Key type asymmetric registered
[    3.055120] Asymmetric key parser 'x509' registered
[    3.074128] Block layer SCSI generic (bsg) driver version 0.4 loaded (major 246)
[    3.100736] io scheduler noop registered
[    3.114292] io scheduler deadline registered
[    3.130902] io scheduler cfq registered (default)
[    3.150306] ACPI: AC Adapter [AC] (on-line)
[    3.163761] input: Power Button as /devices/LNXSYSTM:00/LNXPWRBN:00/input/input0
[    3.183864] ACPI: Power Button [PWRF]
[    3.198025] input: Sleep Button as /devices/LNXSYSTM:00/LNXSLPBN:00/input/input1
[    3.214166] ACPI: Sleep Button [SLPF]
[    3.226180] ACPI: Battery Slot [BAT0] (battery present)
[    3.238371] Serial: 8250/16550 driver, 32 ports, IRQ sharing enabled
[    3.301210] 00:02: ttyS0 at I/O 0x3f8 (irq = 4, base_baud = 115200) is a 16550A
[    3.328413] Linux agpgart interface v0.103
[    3.360469] loop: module loaded
[    3.382334] scsi host0: ata_piix
[    3.397258] scsi host1: ata_piix
[    3.408645] ata1: PATA max UDMA/33 cmd 0x1f0 ctl 0x3f6 bmdma 0xd000 irq 14
[    3.434523] ata2: PATA max UDMA/33 cmd 0x170 ctl 0x376 bmdma 0xd008 irq 15
[    3.465557] tun: Universal TUN/TAP device driver, 1.6
[    3.477072] PPP generic driver version 2.4.2
[    3.486888] ehci_hcd: USB 2.0 'Enhanced' Host Controller (EHCI) Driver
[    3.500685] ehci-pci: EHCI PCI platform driver
[    3.510440] ehci-platform: EHCI generic platform driver
[    3.521994] ohci_hcd: USB 1.1 'Open' Host Controller (OHCI) Driver
[    3.535004] ohci-pci: OHCI PCI platform driver
[    3.550005] ohci-platform: OHCI generic platform driver
[    3.567552] uhci_hcd: USB Universal Host Controller Interface driver
[    3.589662] i8042: PNP: PS/2 Controller [PNP0303:PS2K,PNP0f03:PS2M] at 0x60,0x64 irq 1,12
[    3.755408] serio: i8042 KBD port at 0x60,0x64 irq 1
[    3.766433] serio: i8042 AUX port at 0x60,0x64 irq 12
[    3.782297] mousedev: PS/2 mouse device common for all mice
[    3.813407] input: AT Translated Set 2 keyboard as /devices/platform/i8042/serio0/input/input2
[    3.843382] rtc_cmos rtc_cmos: rtc core: registered rtc_cmos as rtc0
[    3.867270] rtc_cmos rtc_cmos: alarms up to one day, 114 bytes nvram
[    3.889477] i2c /dev entries driver
[    3.903711] device-mapper: uevent: version 1.0.3
[    3.918442] device-mapper: ioctl: 4.37.0-ioctl (2017-09-20) initialised: dm-devel@redhat.com
[    3.938251] ledtrig-cpu: registered to indicate activity on CPUs
[    3.958854] NET: Registered protocol family 10
[    3.978374] Segment Routing with IPv6
[    3.988731] NET: Registered protocol family 17
[    4.000775] Key type dns_resolver registered
[    4.011321] mce: Using 0 MCE banks
[    4.019346] RAS: Correctable Errors collector initialized.
[    4.031214] sched_clock: Marking stable (4031072805, 0)->(7157532925, -3126460120)
[    4.049100] registered taskstats version 1
[    4.057917] Loading compiled-in X.509 certificates
[    4.076956] Loaded X.509 cert 'Build time autogenerated kernel key: b5b26778eaa3ab3a4a6cee031137706e947d12ad'
[    4.110355] Loaded X.509 cert 'Canonical Ltd. Live Patch Signing: 14df34d1a87cf37625abec039ef2bf521249b969'
[    4.132051] Loaded X.509 cert 'Canonical Ltd. Kernel Module Signing: 88f752e560a1e0737e31163a466ad7b70a850c19'
[    4.151710] blacklist: Loading compiled-in revocation X.509 certificates
[    4.165984] Loaded X.509 cert 'Canonical Ltd. Secure Boot Signing: 61482aa2830d0ab2ad5af10b7250da9033ddcef0'
[    4.186781] Loaded X.509 cert 'Canonical Ltd. Secure Boot Signing (2017): 242ade75ac4a15e50d50c84b0d45ff3eae707a03'
[    4.218740] Loaded X.509 cert 'Canonical Ltd. Secure Boot Signing (ESM 2018): 365188c1d374d6b07c3c8f240f8ef722433d6a8b'
[    4.255892] Loaded X.509 cert 'Canonical Ltd. Secure Boot Signing (2019): c0746fd6c5da3ae827864651ad66ae47fe24b3e8'
[    4.286305] Loaded X.509 cert 'Canonical Ltd. Secure Boot Signing (2021 v1): a8d54bbb3825cfb94fa13c9f8a594a195c107b8d'
[    4.310808] Loaded X.509 cert 'Canonical Ltd. Secure Boot Signing (2021 v2): 4cf046892d6fd3c9a5b03f98d845f90851dc6a8c'
[    4.332776] Loaded X.509 cert 'Canonical Ltd. Secure Boot Signing (2021 v3): 100437bb6de6e469b581e61cd66bce3ef4ed53af'
[    4.364892] Loaded X.509 cert 'Canonical Ltd. Secure Boot Signing (Ubuntu Core 2019): c1d57b8f6b743f23ee41f4f7ee292f06eecadfb9'
[    4.403349] zswap: loaded using pool lzo/zbud
[    4.426559] Key type big_key registered
[    4.438954] Key type trusted registered
[    4.458931] Key type encrypted registered
[    4.475547] AppArmor: AppArmor sha1 policy hashing enabled
[    4.497435] ima: No TPM chip found, activating TPM-bypass! (rc=-19)
[    4.514417] ima: Allocated hash algorithm: sha1
[    4.532382] evm: HMAC attrs: 0x1
[    4.547487]   Magic number: 4:81:462
[    4.561199] rtc_cmos rtc_cmos: setting system clock to 2024-08-11 03:29:04 UTC (1723346944)
[    4.581595] BIOS EDD facility v0.16 2004-Jun-25, 0 devices found
[    4.597222] EDD information not available.
[    4.614151] Freeing unused kernel image memory: 2480K
[    4.626428] invalid opcode: 0000 [#1] SMP NOPTI
[    4.635781] Modules linked in:
[    4.646937] CPU: 0 PID: 0 Comm: swapper/0 Not tainted 4.15.0-212-generic #223-Ubuntu
[    4.672136] Hardware name: innotek GmbH VirtualBox/VirtualBox, BIOS VirtualBox 12/01/2006
[    4.699366] RIP: 0010:mwait_idle+0x7c/0x190
[    4.713879] RSP: 0018:ffffffff95a03e38 EFLAGS: 00010046
[    4.728580] RAX: ffffffff95a13480 RBX: 0000000000000000 RCX: 0000000000000000
[    4.754922] RDX: 0000000000000000 RSI: 0000000000000000 RDI: 0000000000000000
[    4.780517] RBP: ffffffff95a03e50 R08: 0000000000000002 R09: ffffffff95a03de8
[    4.802233] R10: 00000000bd75365b R11: 00000000af1513ad R12: 0000000000000000
[    4.824737] R13: 0000000000000000 R14: 0000000000000000 R15: 0000000000000000
[    4.840648] FS:  0000000000000000(0000) GS:ffff9fc5cfc00000(0000) knlGS:0000000000000000
[    4.868961] CS:  0010 DS: 0000 ES: 0000 CR0: 0000000080050033
[    4.884126] CR2: 00007f48c5cf6d00 CR3: 0000000004e0a003 CR4: 00000000000206f0
[    4.900642] Call Trace:
[    4.906695]  arch_cpu_idle+0x15/0x20
[    4.914004]  default_idle_call+0x23/0x30
[    4.922195]  do_idle+0x172/0x1f0
[    4.930639]  cpu_startup_entry+0x73/0x80
[    4.942640]  rest_init+0xae/0xb0
[    4.955247]  start_kernel+0x4c9/0x4ed
[    4.967633]  x86_64_start_reservations+0x24/0x26
[    4.982217]  x86_64_start_kernel+0x8e/0x91
[    4.992701]  secondary_startup_64+0xa5/0xb0
[    5.008829] Code: 07 45 04 6b 48 0f ba e0 27 73 12 0f ae f0 65 48 8b 04 25 40 ac 01 00 0f ae 38 0f ae f0 31 d2 65 48 8b 04 25 40 ac 01 00 48 89 d1 <0f> 01 c8 48 8b 00 a8 08 0f 85 e3 00 00 00 e9 07 00 00 00 0f 00 
[    5.066856] RIP: mwait_idle+0x7c/0x190 RSP: ffffffff95a03e38
[    5.088689] ---[ end trace dcf802c54ba6ec26 ]---
[    5.106831] Kernel panic - not syncing: Attempted to kill the idle task!
[    5.129318] Kernel Offset: 0x13600000 from 0xffffffff81000000 (relocation range: 0xffffffff80000000-0xffffffffbfffffff)
[    5.163912] ---[ end Kernel panic - not syncing: Attempted to kill the idle task!
